[2017-11-05T20:19:30.647Z] sys: Register route GET /ping
[2017-11-05T20:19:30.652Z] sys: Register route GET /foo/bar
[2017-11-05T20:19:30.677Z] sys: Register route POST /foo/bar
[2017-11-05T20:19:30.688Z] sys: Register route PUT /foo/bar
[2017-11-05T20:19:30.691Z] sys: Register route PATCH /foo/bar
[2017-11-05T20:19:30.693Z] sys: Register route DELETE /foo/bar
[2017-11-05T20:19:30.698Z] sys: Register route GET /ping
[2017-11-05T20:19:30.700Z] sys: Register route GET /ping
[2017-11-05T20:19:30.701Z] sys: Register route GET /ping
[2017-11-06T12:11:29.376Z] sys: Register route GET /ping
[2017-11-06T12:11:29.382Z] sys: Register route GET /foo/bar
[2017-11-06T12:11:29.416Z] sys: Register route POST /foo/bar
[2017-11-06T12:11:29.432Z] sys: Register route PUT /foo/bar
[2017-11-06T12:11:29.436Z] sys: Register route PATCH /foo/bar
[2017-11-06T12:11:29.439Z] sys: Register route DELETE /foo/bar
[2017-11-06T12:11:29.446Z] sys: Register route GET /ping
[2017-11-06T12:11:29.448Z] sys: Register route GET /ping
[2017-11-06T12:11:29.451Z] sys: Register route GET /ping
[2017-11-06T17:40:30.988Z] sys: Register route GET /ping
[2017-11-06T17:40:30.994Z] sys: Register route GET /foo/bar
[2017-11-06T17:40:31.026Z] sys: Register route POST /foo/bar
[2017-11-06T17:40:31.043Z] sys: Register route PUT /foo/bar
[2017-11-06T17:40:31.048Z] sys: Register route PATCH /foo/bar
[2017-11-06T17:40:31.051Z] sys: Register route DELETE /foo/bar
[2017-11-06T17:40:31.059Z] sys: Register route GET /ping
[2017-11-06T17:40:31.062Z] sys: Register route GET /ping
[2017-11-06T17:40:31.065Z] sys: Register route GET /ping
[2017-11-06T17:40:49.078Z] sys: Register route GET /ping
[2017-11-06T17:40:49.084Z] sys: Register route GET /foo/bar
[2017-11-06T17:40:49.117Z] sys: Register route POST /foo/bar
[2017-11-06T17:40:49.130Z] sys: Register route PUT /foo/bar
[2017-11-06T17:40:49.134Z] sys: Register route PATCH /foo/bar
[2017-11-06T17:40:49.137Z] sys: Register route DELETE /foo/bar
[2017-11-06T17:40:49.145Z] sys: Register route GET /ping
[2017-11-06T17:40:49.148Z] sys: Register route GET /ping
[2017-11-06T17:40:49.151Z] sys: Register route GET /ping
[2017-11-06T17:42:45.798Z] sys: Register route GET /ping
[2017-11-06T17:42:45.803Z] sys: Register route GET /foo/bar
[2017-11-06T17:42:45.838Z] sys: Register route POST /foo/bar
[2017-11-06T17:42:45.850Z] sys: Register route PUT /foo/bar
[2017-11-06T17:42:45.854Z] sys: Register route PATCH /foo/bar
[2017-11-06T17:42:45.857Z] sys: Register route DELETE /foo/bar
[2017-11-06T17:42:45.866Z] sys: Register route GET /ping
[2017-11-06T17:42:45.869Z] sys: Register route GET /ping
[2017-11-06T17:42:45.871Z] sys: Register route GET /ping
[2017-11-06T17:43:06.643Z] sys: Register route GET /ping
[2017-11-06T17:43:06.649Z] sys: Register route GET /foo/bar
[2017-11-06T17:43:06.681Z] sys: Register route POST /foo/bar
[2017-11-06T17:43:06.694Z] sys: Register route PUT /foo/bar
[2017-11-06T17:43:06.698Z] sys: Register route PATCH /foo/bar
[2017-11-06T17:43:06.701Z] sys: Register route DELETE /foo/bar
[2017-11-06T17:43:06.711Z] sys: Register route GET /ping
[2017-11-06T17:43:06.714Z] sys: Register route GET /ping
[2017-11-06T17:43:06.717Z] sys: Register route GET /ping
[2017-11-06T17:44:36.150Z] sys: Register route GET /ping
[2017-11-06T17:44:36.157Z] sys: Register route GET /foo/bar
[2017-11-06T17:44:36.190Z] sys: Register route POST /foo/bar
[2017-11-06T17:44:36.202Z] sys: Register route PUT /foo/bar
[2017-11-06T17:44:36.205Z] sys: Register route PATCH /foo/bar
[2017-11-06T17:44:36.207Z] sys: Register route DELETE /foo/bar
[2017-11-06T17:44:36.221Z] sys: Register route GET /ping
[2017-11-06T17:44:36.225Z] sys: Register route GET /ping
[2017-11-06T17:44:36.227Z] sys: Register route GET /ping
[2017-11-06T17:47:16.474Z] sys: Register route GET /ping
[2017-11-06T17:47:16.480Z] sys: Register route GET /foo/bar
[2017-11-06T17:47:16.513Z] sys: Register route POST /foo/bar
[2017-11-06T17:47:16.525Z] sys: Register route PUT /foo/bar
[2017-11-06T17:47:16.529Z] sys: Register route PATCH /foo/bar
[2017-11-06T17:47:16.531Z] sys: Register route DELETE /foo/bar
[2017-11-06T17:47:16.542Z] sys: Register route GET /ping
[2017-11-06T17:47:16.545Z] sys: Register route GET /ping
[2017-11-06T17:47:16.547Z] sys: Register route GET /ping
[2017-11-06T17:47:35.910Z] sys: Register route GET /ping
[2017-11-06T17:47:35.918Z] sys: Register route GET /foo/bar
[2017-11-06T17:47:35.950Z] sys: Register route POST /foo/bar
[2017-11-06T17:47:35.962Z] sys: Register route PUT /foo/bar
[2017-11-06T17:47:35.965Z] sys: Register route PATCH /foo/bar
[2017-11-06T17:47:35.967Z] sys: Register route DELETE /foo/bar
[2017-11-06T17:47:35.979Z] sys: Register route GET /ping
[2017-11-06T17:47:35.982Z] sys: Register route GET /ping
[2017-11-06T17:47:35.985Z] sys: Register route GET /ping
